#
# There is insufficient memory for the Java Runtime Environment to continue.
# Native memory allocation (mmap) failed to map 130023424 bytes. Error detail: G1 virtual space
# Possible reasons:
#   The system is out of physical RAM or swap space
#   This process is running with CompressedOops enabled, and the Java Heap may be blocking the growth of the native heap
# Possible solutions:
#   Reduce memory load on the system
#   Increase physical memory or swap space
#   Check if swap backing store is full
#   Decrease Java heap size (-Xmx/-Xms)
#   Decrease number of Java threads
#   Decrease Java thread stack sizes (-Xss)
#   Set larger code cache with -XX:ReservedCodeCacheSize=
#   JVM is running with Unscaled Compressed Oops mode in which the Java heap is
#     placed in the first 4GB address space. The Java Heap base address is the
#     maximum limit for the native heap growth. Please use -XX:HeapBaseMinAddress
#     to set the Java Heap base and to place the Java Heap above 4GB virtual address.
# This output file may be truncated or incomplete.
#
#  Out of Memory Error (os_windows.cpp:3815), pid=14004, tid=17844
#
# JRE version:  (21.0.3) (build )
# Java VM: OpenJDK 64-Bit Server VM (21.0.3+-12282718-b509.11, mixed mode, sharing, tiered, compressed oops, compressed class ptrs, g1 gc, windows-amd64)
# No core dump will be written. Minidumps are not enabled by default on client versions of Windows
#

---------------  S U M M A R Y ------------

Command Line: org.jetbrains.kotlin.cli.jvm.K2JVMCompiler @C:\Users\Aswin\StudioProjects\AppLocker\app\build\20241214_14721934821698361466.compiler.options

Host: 11th Gen Intel(R) Core(TM) i5-11400H @ 2.70GHz, 12 cores, 7G,  Windows 10 , 64 bit Build 19041 (10.0.19041.5198)
Time: Sat Dec 14 18:49:46 2024 India Standard Time elapsed time: 0.013992 seconds (0d 0h 0m 0s)

---------------  T H R E A D  ---------------

Current thread (0x0000019f7bd4bbb0):  JavaThread "Unknown thread" [_thread_in_vm, id=17844, stack(0x0000000fa0d00000,0x0000000fa0e00000) (1024K)]

Stack: [0x0000000fa0d00000,0x0000000fa0e00000]
Native frames: (J=compiled Java code, j=interpreted, Vv=VM code, C=native code)
V  [jvm.dll+0x6cafb9]
V  [jvm.dll+0x858523]
V  [jvm.dll+0x85aa7e]
V  [jvm.dll+0x85b163]
V  [jvm.dll+0x27d356]
V  [jvm.dll+0x6c7865]
V  [jvm.dll+0x6bbd3a]
V  [jvm.dll+0x35199b]
V  [jvm.dll+0x3595d6]
V  [jvm.dll+0x3aa826]
V  [jvm.dll+0x3aaaf8]
V  [jvm.dll+0x3240bc]
V  [jvm.dll+0x324dab]
V  [jvm.dll+0x81fd89]
V  [jvm.dll+0x3b7c08]
V  [jvm.dll+0x80921d]
V  [jvm.dll+0x44c05e]
V  [jvm.dll+0x44d6b1]
C  [jli.dll+0x52ab]
C  [ucrtbase.dll+0x21bb2]
C  [KERNEL32.DLL+0x17374]
C  [ntdll.dll+0x4cc91]


---------------  P R O C E S S  ---------------

Threads class SMR info:
_java_thread_list=0x00007ff8843c57c8, length=0, elements={
}

Java Threads: ( => current thread )
Total: 0

Other Threads:
  0x0000019f7dfefa80 WorkerThread "GC Thread#0"                     [id=20476, stack(0x0000000fa0e00000,0x0000000fa0f00000) (1024K)]
  0x0000019f7e001b70 ConcurrentGCThread "G1 Main Marker"            [id=20600, stack(0x0000000fa0f00000,0x0000000fa1000000) (1024K)]
  0x0000019f7e002670 WorkerThread "G1 Conc#0"                       [id=21368, stack(0x0000000fa1000000,0x0000000fa1100000) (1024K)]

[error occurred during error reporting (printing all threads), id 0xc0000005, EXCEPTION_ACCESS_VIOLATION (0xc0000005) at pc=0x00007ff883bc7197]
VM state: not at safepoint (not fully initialized)

VM Mutex/Monitor currently owned by a thread:  ([mutex/lock_event])
[0x00007ff8844321c8] Heap_lock - owner thread: 0x0000019f7bd4bbb0

Heap address: 0x0000000084400000, size: 1980 MB, Compressed Oops mode: 32-bit

CDS archive(s) mapped at: [0x0000000000000000-0x0000000000000000-0x0000000000000000), size 0, SharedBaseAddress: 0x0000000800000000, ArchiveRelocationMode: 1.
Narrow klass base: 0x0000000000000000, Narrow klass shift: 0, Narrow klass range: 0x0

GC Precious Log:
 CardTable entry size: 512
 Card Set container configuration: InlinePtr #cards 5 size 8 Array Of Cards #cards 12 size 40 Howl #buckets 4 coarsen threshold 1843 Howl Bitmap #cards 512 size 80 coarsen threshold 460 Card regions per heap region 1 cards per card region 2048

Heap:
 garbage-first heap   total 0K, used 0K [0x0000000084400000, 0x0000000100000000)
  region size 1024K, 0 young (0K), 0 survivors (0K)
 Metaspace       used 0K, committed 0K, reserved 0K
  class space    used 0K, committed 0K, reserved 0K

Heap Regions: E=young(eden), S=young(survivor), O=old, HS=humongous(starts), HC=humongous(continues), CS=collection set, F=free, TAMS=top-at-mark-start, PB=parsable bottom

Card table byte_map: [0x0000019f7e9a0000,0x0000019f7ed80000] _byte_map_base: 0x0000019f7e57e000

Marking Bits: (CMBitMap*) 0x0000019f7dff0990
 Bits: [0x0000019f12080000, 0x0000019f13f70000)

GC Heap History (0 events):
No events

Dll operation events (1 events):
Event: 0.006 Loaded shared library C:\Program Files\Android\Android Studio\jbr\bin\java.dll

Deoptimization events (0 events):
No events

Classes loaded (0 events):
No events

Classes unloaded (0 events):
No events

Classes redefined (0 events):
No events

Internal exceptions (0 events):
No events

ZGC Phase Switch (0 events):
No events

VM Operations (0 events):
No events

Events (0 events):
No events


Dynamic libraries:
0x00007ff75ebf0000 - 0x00007ff75ebfa000 	C:\Program Files\Android\Android Studio\jbr\bin\java.exe
0x00007ff8e9070000 - 0x00007ff8e9268000 	C:\WINDOWS\SYSTEM32\ntdll.dll
0x00007ff8e7220000 - 0x00007ff8e72e2000 	C:\WINDOWS\System32\KERNEL32.DLL
0x00007ff8e6c00000 - 0x00007ff8e6efe000 	C:\WINDOWS\System32\KERNELBASE.dll
0x00007ff8e6f00000 - 0x00007ff8e7000000 	C:\WINDOWS\System32\ucrtbase.dll
0x00007ff8dfb50000 - 0x00007ff8dfb68000 	C:\Program Files\Android\Android Studio\jbr\bin\jli.dll
0x00007ff88e750000 - 0x00007ff88e76b000 	C:\Program Files\Android\Android Studio\jbr\bin\VCRUNTIME140.dll
0x00007ff8e8c70000 - 0x00007ff8e8e0d000 	C:\WINDOWS\System32\USER32.dll
0x00007ff8e6bd0000 - 0x00007ff8e6bf2000 	C:\WINDOWS\System32\win32u.dll
0x00007ff8cacc0000 - 0x00007ff8caf5a000 	C:\WINDOWS\WinSxS\amd64_microsoft.windows.common-controls_6595b64144ccf1df_6.0.19041.4355_none_60b8b9eb71f62e16\COMCTL32.dll
0x00007ff8e79a0000 - 0x00007ff8e79cb000 	C:\WINDOWS\System32\GDI32.dll
0x00007ff8e7e10000 - 0x00007ff8e7eae000 	C:\WINDOWS\System32\msvcrt.dll
0x00007ff8e6920000 - 0x00007ff8e6a37000 	C:\WINDOWS\System32\gdi32full.dll
0x00007ff8e6880000 - 0x00007ff8e691d000 	C:\WINDOWS\System32\msvcp_win.dll
0x00007ff8e8910000 - 0x00007ff8e893f000 	C:\WINDOWS\System32\IMM32.DLL
0x00007ff8ca2c0000 - 0x00007ff8ca2cc000 	C:\Program Files\Android\Android Studio\jbr\bin\vcruntime140_1.dll
0x00007ff8a7ba0000 - 0x00007ff8a7c2d000 	C:\Program Files\Android\Android Studio\jbr\bin\msvcp140.dll
0x00007ff883890000 - 0x00007ff88450d000 	C:\Program Files\Android\Android Studio\jbr\bin\server\jvm.dll
0x00007ff8e7d50000 - 0x00007ff8e7e01000 	C:\WINDOWS\System32\ADVAPI32.dll
0x00007ff8e7090000 - 0x00007ff8e712f000 	C:\WINDOWS\System32\sechost.dll
0x00007ff8e8f00000 - 0x00007ff8e9023000 	C:\WINDOWS\System32\RPCRT4.dll
0x00007ff8e6a40000 - 0x00007ff8e6a67000 	C:\WINDOWS\System32\bcrypt.dll
0x00007ff8e7eb0000 - 0x00007ff8e7f1b000 	C:\WINDOWS\System32\WS2_32.dll
0x00007ff8d8cb0000 - 0x00007ff8d8cd7000 	C:\WINDOWS\SYSTEM32\WINMM.dll
0x00007ff8e5c50000 - 0x00007ff8e5c9b000 	C:\WINDOWS\SYSTEM32\POWRPROF.dll
0x00007ff8db480000 - 0x00007ff8db48a000 	C:\WINDOWS\SYSTEM32\VERSION.dll
0x00007ff8e5b10000 - 0x00007ff8e5b22000 	C:\WINDOWS\SYSTEM32\UMPDC.dll
0x00007ff8e4f30000 - 0x00007ff8e4f42000 	C:\WINDOWS\SYSTEM32\kernel.appcore.dll
0x00007ff8ca0c0000 - 0x00007ff8ca0ca000 	C:\Program Files\Android\Android Studio\jbr\bin\jimage.dll
0x00007ff8e4c20000 - 0x00007ff8e4e04000 	C:\WINDOWS\SYSTEM32\DBGHELP.DLL
0x00007ff8d7340000 - 0x00007ff8d7374000 	C:\WINDOWS\SYSTEM32\dbgcore.DLL
0x00007ff8e7000000 - 0x00007ff8e7082000 	C:\WINDOWS\System32\bcryptPrimitives.dll
0x00007ff88dfc0000 - 0x00007ff88dfdf000 	C:\Program Files\Android\Android Studio\jbr\bin\java.dll

dbghelp: loaded successfully - version: 4.0.5 - missing functions: none
symbol engine: initialized successfully - sym options: 0x614 - pdb path: .;C:\Program Files\Android\Android Studio\jbr\bin;C:\WINDOWS\SYSTEM32;C:\WINDOWS\WinSxS\amd64_microsoft.windows.common-controls_6595b64144ccf1df_6.0.19041.4355_none_60b8b9eb71f62e16;C:\Program Files\Android\Android Studio\jbr\bin\server

VM Arguments:
java_command: org.jetbrains.kotlin.cli.jvm.K2JVMCompiler @C:\Users\Aswin\StudioProjects\AppLocker\app\build\20241214_14721934821698361466.compiler.options
java_class_path (initial): C:\Users\Aswin\.gradle\caches\modules-2\files-2.1\org.jetbrains.kotlin\kotlin-compiler-embeddable\2.0.0\1de310de3446414381282ffc46c3ed3919a4d1da\kotlin-compiler-embeddable-2.0.0.jar;C:\Users\Aswin\.gradle\caches\modules-2\files-2.1\org.jetbrains.kotlin\kotlin-stdlib\2.0.0\b48df2c4aede9586cc931ead433bc02d6fd7879e\kotlin-stdlib-2.0.0.jar;C:\Users\Aswin\.gradle\caches\modules-2\files-2.1\org.jetbrains.kotlin\kotlin-script-runtime\2.0.0\fdc27dd047d592fa41d2dfa21e7621287a361612\kotlin-script-runtime-2.0.0.jar;C:\Users\Aswin\.gradle\caches\modules-2\files-2.1\org.jetbrains.kotlin\kotlin-reflect\1.6.10\1cbe9c92c12a94eea200d23c2bbaedaf3daf5132\kotlin-reflect-1.6.10.jar;C:\Users\Aswin\.gradle\caches\modules-2\files-2.1\org.jetbrains.kotlin\kotlin-daemon-embeddable\2.0.0\b39c612768614c4428c96ee9c65477181fffe9d\kotlin-daemon-embeddable-2.0.0.jar;C:\Users\Aswin\.gradle\caches\modules-2\files-2.1\org.jetbrains.intellij.deps\trove4j\1.0.20200330\3afb14d5f9ceb459d724e907a21145e8ff394f02\trove4j-1.0.20200330.jar;C:\Users\Aswin\.gradle\caches\modules-2\files-2.1\org.jetbrains\annotations\13.0\919f0dfe192fb4e063e7dacadee7f8bb9a2672a9\annotations-13.0.jar
Launcher Type: SUN_STANDARD

[Global flags]
     intx CICompilerCount                          = 4                                         {product} {ergonomic}
     uint ConcGCThreads                            = 3                                         {product} {ergonomic}
     uint G1ConcRefinementThreads                  = 10                                        {product} {ergonomic}
   size_t G1HeapRegionSize                         = 1048576                                   {product} {ergonomic}
    uintx GCDrainStackTargetSize                   = 64                                        {product} {ergonomic}
   size_t InitialHeapSize                          = 130023424                                 {product} {ergonomic}
   size_t MarkStackSize                            = 4194304                                   {product} {ergonomic}
   size_t MaxHeapSize                              = 2076180480                                {product} {ergonomic}
   size_t MinHeapDeltaBytes                        = 1048576                                   {product} {ergonomic}
   size_t MinHeapSize                              = 8388608                                   {product} {ergonomic}
    uintx NonNMethodCodeHeapSize                   = 5839372                                {pd product} {ergonomic}
    uintx NonProfiledCodeHeapSize                  = 122909434                              {pd product} {ergonomic}
    uintx ProfiledCodeHeapSize                     = 122909434                              {pd product} {ergonomic}
    uintx ReservedCodeCacheSize                    = 251658240                              {pd product} {ergonomic}
     bool SegmentedCodeCache                       = true                                      {product} {ergonomic}
   size_t SoftMaxHeapSize                          = 2076180480                             {manageable} {ergonomic}
     bool UseCompressedOops                        = true                           {product lp64_product} {ergonomic}
     bool UseG1GC                                  = true                                      {product} {ergonomic}
     bool UseLargePagesIndividualAllocation        = false                                  {pd product} {ergonomic}

Logging:
Log output configuration:
 #0: stdout all=warning uptime,level,tags foldmultilines=false
 #1: stderr all=off uptime,level,tags foldmultilines=false

Environment Variables:
PATH=C:\Program Files\Common Files\Oracle\Java\javapath;C:\Python312\Scripts\;C:\Python312\;C:\Program Files (x86)\Common Files\Oracle\Java\java8path;C:\Program Files (x86)\Common Files\Oracle\Java\javapath;C:\WINDOWS\system32;C:\WINDOWS;C:\WINDOWS\System32\Wbem;C:\WINDOWS\System32\WindowsPowerShell\v1.0\;C:\WINDOWS\System32\OpenSSH\;C:\Program Files\dotnet\;C:\flutter\bin;C:\ProgramData\chocolatey\bin;C:\tools\dart-sdk;C:\Program Files\Git\cmd;C:\Program Files\nodejs\;C:\Program Files\NVIDIA Corporation\NVIDIA app\NvDLISR;C:\Program Files (x86)\NVIDIA Corporation\PhysX\Common;C:\Users\Aswin\AppData\Local\Programs\Python\Python313\Scripts\;C:\Users\Aswin\AppData\Local\Programs\Python\Python313\;C:\Users\Aswin\AppData\Local\Microsoft\WindowsApps;C:\flutter\bin;C:\tools\dart-sdk\bin;C:\Users\Aswin\AppData\Local\Pub\Cache\bin;C:\tools\dart-sdk;;C:\Program Files\JetBrains\IntelliJ IDEA Community Edition 2024.3\bin;;C:\Users\Aswin\AppData\Local\Programs\Microsoft VS Code\bin;C:\Users\Aswin\.dotnet\tools;C:\Users\Aswin\AppData\Roaming\npm
USERNAME=Aswin
OS=Windows_NT
PROCESSOR_IDENTIFIER=Intel64 Family 6 Model 141 Stepping 1, GenuineIntel
TMP=C:\Users\Aswin\AppData\Local\Temp
TEMP=C:\Users\Aswin\AppData\Local\Temp




Periodic native trim disabled

JNI global refs:
JNI global refs: 0, weak refs: 0

JNI global refs memory usage: 0, weak refs: 0

Process memory usage:
Resident Set Size: 10848K (0% of 8103220K total physical memory with 914416K free physical memory)

OOME stack traces (most recent first):
Classloader memory used:

---------------  S Y S T E M  ---------------

OS:
 Windows 10 , 64 bit Build 19041 (10.0.19041.5198)
OS uptime: 0 days 9:18 hours

CPU: total 12 (initial active 12) (6 cores per cpu, 2 threads per core) family 6 model 141 stepping 1 microcode 0x50, cx8, cmov, fxsr, ht, mmx, 3dnowpref, sse, sse2, sse3, ssse3, sse4.1, sse4.2, popcnt, lzcnt, tsc, tscinvbit, avx, avx2, aes, erms, clmul, bmi1, bmi2, adx, avx512f, avx512dq, avx512cd, avx512bw, avx512vl, sha, fma, vzeroupper, avx512_vpopcntdq, avx512_vpclmulqdq, avx512_vaes, avx512_vnni, clflush, clflushopt, clwb, avx512_vbmi2, avx512_vbmi, rdtscp, rdpid, fsrm, gfni, avx512_bitalg, f16c, pku, cet_ibt, cet_ss, avx512_ifma
Processor Information for all 12 processors :
  Max Mhz: 2688, Current Mhz: 2688, Mhz Limit: 2688

Memory: 4k page, system-wide physical 7913M (892M free)
TotalPageFile size 16105M (AvailPageFile size 32M)
current process WorkingSet (physical memory assigned to process): 10M, peak: 10M
current process commit charge ("private bytes"): 64M, peak: 188M

vm_info: OpenJDK 64-Bit Server VM (21.0.3+-12282718-b509.11) for windows-amd64 JRE (21.0.3+-12282718-b509.11), built on 2024-08-27T17:34:15Z by "builder" with MS VC++ 16.10 / 16.11 (VS2019)

END.
